#
# There is insufficient memory for the Java Runtime Environment to continue.
# Native memory allocation (malloc) failed to allocate 32744 bytes for ChunkPool::allocate
# Possible reasons:
#   The system is out of physical RAM or swap space
#   The process is running with CompressedOops enabled, and the Java Heap may be blocking the growth of the native heap
# Possible solutions:
#   Reduce memory load on the system
#   Increase physical memory or swap space
#   Check if swap backing store is full
#   Decrease Java heap size (-Xmx/-Xms)
#   Decrease number of Java threads
#   Decrease Java thread stack sizes (-Xss)
#   Set larger code cache with -XX:ReservedCodeCacheSize=
#   JVM is running with Unscaled Compressed Oops mode in which the Java heap is
#     placed in the first 4GB address space. The Java Heap base address is the
#     maximum limit for the native heap growth. Please use -XX:HeapBaseMinAddress
#     to set the Java Heap base and to place the Java Heap above 4GB virtual address.
# This output file may be truncated or incomplete.
#
#  Out of Memory Error (./src/hotspot/share/memory/arena.cpp:81), pid=22240, tid=5784
#
# JRE version: OpenJDK Runtime Environment Microsoft-7208460 (11.0.18+10) (build 11.0.18+10-LTS)
# Java VM: OpenJDK 64-Bit Server VM Microsoft-7208460 (11.0.18+10-LTS, mixed mode, tiered, compressed oops, g1 gc, windows-amd64)
# No core dump will be written. Minidumps are not enabled by default on client versions of Windows
#

---------------  S U M M A R Y ------------

Command Line: -Xmx64m -Xms64m -Dorg.gradle.appname=gradlew org.gradle.wrapper.GradleWrapperMain app:installDebug -PreactNativeDevServerPort=8081

Host: AMD Ryzen 7 5800H with Radeon Graphics         , 16 cores, 15G,  Windows 11 , 64 bit Build 22621 (10.0.22621.1778)
Time: Tue Jun 13 00:18:14 2023 Azerbaijan Standard Time elapsed time: 0.513577 seconds (0d 0h 0m 0s)

---------------  T H R E A D  ---------------

Current thread (0x000002ac7e812000):  JavaThread "C1 CompilerThread0" daemon [_thread_in_native, id=5784, stack(0x000000c0ac200000,0x000000c0ac300000)]


Current CompileTask:
C1:    513  429       3       java.util.regex.Pattern::escape (1323 bytes)

Stack: [0x000000c0ac200000,0x000000c0ac300000]
Native frames: (J=compiled Java code, j=interpreted, Vv=VM code, C=native code)
V  [jvm.dll+0x62bf8a]
V  [jvm.dll+0x7b8fb9]
V  [jvm.dll+0x7ba6a8]
V  [jvm.dll+0x7bad83]
V  [jvm.dll+0x250248]
V  [jvm.dll+0xc286b]
V  [jvm.dll+0xc2bcc]
V  [jvm.dll+0xce52a]
V  [jvm.dll+0x1620e1]
V  [jvm.dll+0x15919f]
V  [jvm.dll+0x15655e]
V  [jvm.dll+0x142a10]
V  [jvm.dll+0x12ae09]
V  [jvm.dll+0x12a70f]
V  [jvm.dll+0x12a93f]
V  [jvm.dll+0x129be4]
V  [jvm.dll+0x12baf7]
V  [jvm.dll+0x217eec]
V  [jvm.dll+0x21612b]
V  [jvm.dll+0x77bac0]
V  [jvm.dll+0x7749f4]
V  [jvm.dll+0x62adf5]
C  [ucrtbase.dll+0x29363]
C  [KERNEL32.DLL+0x126ad]
C  [ntdll.dll+0x5a9f8]


---------------  P R O C E S S  ---------------

Threads class SMR info:
_java_thread_list=0x000002ac7e8f3a90, length=11, elements={
0x000002ac71d2f000, 0x000002ac7de8d800, 0x000002ac7de99000, 0x000002ac7deeb800,
0x000002ac7deed800, 0x000002ac7deef000, 0x000002ac7def2800, 0x000002ac7e812000,
0x000002ac7e81d000, 0x000002ac7de22800, 0x000002ac7e9ed800
}

Java Threads: ( => current thread )
  0x000002ac71d2f000 JavaThread "main" [_thread_in_vm, id=16032, stack(0x000000c0ab500000,0x000000c0ab600000)]
  0x000002ac7de8d800 JavaThread "Reference Handler" daemon [_thread_blocked, id=13924, stack(0x000000c0abc00000,0x000000c0abd00000)]
  0x000002ac7de99000 JavaThread "Finalizer" daemon [_thread_blocked, id=9676, stack(0x000000c0abd00000,0x000000c0abe00000)]
  0x000002ac7deeb800 JavaThread "Signal Dispatcher" daemon [_thread_blocked, id=18944, stack(0x000000c0abe00000,0x000000c0abf00000)]
  0x000002ac7deed800 JavaThread "Attach Listener" daemon [_thread_blocked, id=5244, stack(0x000000c0abf00000,0x000000c0ac000000)]
  0x000002ac7deef000 JavaThread "Service Thread" daemon [_thread_blocked, id=22028, stack(0x000000c0ac000000,0x000000c0ac100000)]
  0x000002ac7def2800 JavaThread "C2 CompilerThread0" daemon [_thread_in_native, id=21512, stack(0x000000c0ac100000,0x000000c0ac200000)]
=>0x000002ac7e812000 JavaThread "C1 CompilerThread0" daemon [_thread_in_native, id=5784, stack(0x000000c0ac200000,0x000000c0ac300000)]
  0x000002ac7e81d000 JavaThread "Sweeper thread" daemon [_thread_blocked, id=23180, stack(0x000000c0ac300000,0x000000c0ac400000)]
  0x000002ac7de22800 JavaThread "C1 CompilerThread1" daemon [_thread_blocked, id=17912, stack(0x000000c0ac400000,0x000000c0ac500000)]
  0x000002ac7e9ed800 JavaThread "Common-Cleaner" daemon [_thread_blocked, id=23220, stack(0x000000c0ac600000,0x000000c0ac700000)]

Other Threads:
  0x000002ac7de63800 VMThread "VM Thread" [stack: 0x000000c0abb00000,0x000000c0abc00000] [id=2800]
  0x000002ac7e9e9800 WatcherThread [stack: 0x000000c0ac500000,0x000000c0ac600000] [id=23868]
  0x000002ac71d48800 GCTaskThread "GC Thread#0" [stack: 0x000000c0ab600000,0x000000c0ab700000] [id=23444]
  0x000002ac71d52000 ConcurrentGCThread "G1 Main Marker" [stack: 0x000000c0ab700000,0x000000c0ab800000] [id=22868]
  0x000002ac71d54000 ConcurrentGCThread "G1 Conc#0" [stack: 0x000000c0ab800000,0x000000c0ab900000] [id=21696]
  0x000002ac71dcf000 ConcurrentGCThread "G1 Refine#0" [stack: 0x000000c0ab900000,0x000000c0aba00000] [id=23228]
  0x000002ac71dd2000 ConcurrentGCThread "G1 Young RemSet Sampling" [stack: 0x000000c0aba00000,0x000000c0abb00000] [id=23728]

Threads with active compile tasks:
C2 CompilerThread0      524  426       4       java.util.regex.Matcher::match (154 bytes)
C1 CompilerThread0      524  429       3       java.util.regex.Pattern::escape (1323 bytes)

VM state:not at safepoint (normal execution)

VM Mutex/Monitor currently owned by a thread: None

OutOfMemory and StackOverflow Exception counts:
OutOfMemoryError java_heap_errors=1
LinkageErrors=3

Heap address: 0x00000000fc000000, size: 64 MB, Compressed Oops mode: 32-bit
Narrow klass base: 0x0000000000000000, Narrow klass shift: 3
Compressed class space size: 1073741824 Address: 0x0000000100000000

Heap:
 garbage-first heap   total 65536K, used 5120K [0x00000000fc000000, 0x0000000100000000)
  region size 1024K, 7 young (7168K), 0 survivors (0K)
 Metaspace       used 7064K, capacity 7193K, committed 7424K, reserved 1056768K
  class space    used 607K, capacity 650K, committed 768K, reserved 1048576K
Heap Regions: E=young(eden), S=young(survivor), O=old, HS=humongous(starts), HC=humongous(continues), CS=collection set, F=free, A=archive, TAMS=top-at-mark-start (previous, next)
|   0|0x00000000fc000000, 0x00000000fc000000, 0x00000000fc100000|  0%| F|  |TAMS 0x00000000fc000000, 0x00000000fc000000| Untracked 
|   1|0x00000000fc100000, 0x00000000fc100000, 0x00000000fc200000|  0%| F|  |TAMS 0x00000000fc100000, 0x00000000fc100000| Untracked 
|   2|0x00000000fc200000, 0x00000000fc200000, 0x00000000fc300000|  0%| F|  |TAMS 0x00000000fc200000, 0x00000000fc200000| Untracked 
|   3|0x00000000fc300000, 0x00000000fc300000, 0x00000000fc400000|  0%| F|  |TAMS 0x00000000fc300000, 0x00000000fc300000| Untracked 
|   4|0x00000000fc400000, 0x00000000fc400000, 0x00000000fc500000|  0%| F|  |TAMS 0x00000000fc400000, 0x00000000fc400000| Untracked 
|   5|0x00000000fc500000, 0x00000000fc500000, 0x00000000fc600000|  0%| F|  |TAMS 0x00000000fc500000, 0x00000000fc500000| Untracked 
|   6|0x00000000fc600000, 0x00000000fc600000, 0x00000000fc700000|  0%| F|  |TAMS 0x00000000fc600000, 0x00000000fc600000| Untracked 
|   7|0x00000000fc700000, 0x00000000fc700000, 0x00000000fc800000|  0%| F|  |TAMS 0x00000000fc700000, 0x00000000fc700000| Untracked 
|   8|0x00000000fc800000, 0x00000000fc800000, 0x00000000fc900000|  0%| F|  |TAMS 0x00000000fc800000, 0x00000000fc800000| Untracked 
|   9|0x00000000fc900000, 0x00000000fc900000, 0x00000000fca00000|  0%| F|  |TAMS 0x00000000fc900000, 0x00000000fc900000| Untracked 
|  10|0x00000000fca00000, 0x00000000fca00000, 0x00000000fcb00000|  0%| F|  |TAMS 0x00000000fca00000, 0x00000000fca00000| Untracked 
|  11|0x00000000fcb00000, 0x00000000fcb00000, 0x00000000fcc00000|  0%| F|  |TAMS 0x00000000fcb00000, 0x00000000fcb00000| Untracked 
|  12|0x00000000fcc00000, 0x00000000fcc00000, 0x00000000fcd00000|  0%| F|  |TAMS 0x00000000fcc00000, 0x00000000fcc00000| Untracked 
|  13|0x00000000fcd00000, 0x00000000fcd00000, 0x00000000fce00000|  0%| F|  |TAMS 0x00000000fcd00000, 0x00000000fcd00000| Untracked 
|  14|0x00000000fce00000, 0x00000000fce00000, 0x00000000fcf00000|  0%| F|  |TAMS 0x00000000fce00000, 0x00000000fce00000| Untracked 
|  15|0x00000000fcf00000, 0x00000000fcf00000, 0x00000000fd000000|  0%| F|  |TAMS 0x00000000fcf00000, 0x00000000fcf00000| Untracked 
|  16|0x00000000fd000000, 0x00000000fd000000, 0x00000000fd100000|  0%| F|  |TAMS 0x00000000fd000000, 0x00000000fd000000| Untracked 
|  17|0x00000000fd100000, 0x00000000fd100000, 0x00000000fd200000|  0%| F|  |TAMS 0x00000000fd100000, 0x00000000fd100000| Untracked 
|  18|0x00000000fd200000, 0x00000000fd200000, 0x00000000fd300000|  0%| F|  |TAMS 0x00000000fd200000, 0x00000000fd200000| Untracked 
|  19|0x00000000fd300000, 0x00000000fd300000, 0x00000000fd400000|  0%| F|  |TAMS 0x00000000fd300000, 0x00000000fd300000| Untracked 
|  20|0x00000000fd400000, 0x00000000fd400000, 0x00000000fd500000|  0%| F|  |TAMS 0x00000000fd400000, 0x00000000fd400000| Untracked 
|  21|0x00000000fd500000, 0x00000000fd500000, 0x00000000fd600000|  0%| F|  |TAMS 0x00000000fd500000, 0x00000000fd500000| Untracked 
|  22|0x00000000fd600000, 0x00000000fd600000, 0x00000000fd700000|  0%| F|  |TAMS 0x00000000fd600000, 0x00000000fd600000| Untracked 
|  23|0x00000000fd700000, 0x00000000fd700000, 0x00000000fd800000|  0%| F|  |TAMS 0x00000000fd700000, 0x00000000fd700000| Untracked 
|  24|0x00000000fd800000, 0x00000000fd800000, 0x00000000fd900000|  0%| F|  |TAMS 0x00000000fd800000, 0x00000000fd800000| Untracked 
|  25|0x00000000fd900000, 0x00000000fd900000, 0x00000000fda00000|  0%| F|  |TAMS 0x00000000fd900000, 0x00000000fd900000| Untracked 
|  26|0x00000000fda00000, 0x00000000fda00000, 0x00000000fdb00000|  0%| F|  |TAMS 0x00000000fda00000, 0x00000000fda00000| Untracked 
|  27|0x00000000fdb00000, 0x00000000fdb00000, 0x00000000fdc00000|  0%| F|  |TAMS 0x00000000fdb00000, 0x00000000fdb00000| Untracked 
|  28|0x00000000fdc00000, 0x00000000fdc00000, 0x00000000fdd00000|  0%| F|  |TAMS 0x00000000fdc00000, 0x00000000fdc00000| Untracked 
|  29|0x00000000fdd00000, 0x00000000fdd00000, 0x00000000fde00000|  0%| F|  |TAMS 0x00000000fdd00000, 0x00000000fdd00000| Untracked 
|  30|0x00000000fde00000, 0x00000000fde00000, 0x00000000fdf00000|  0%| F|  |TAMS 0x00000000fde00000, 0x00000000fde00000| Untracked 
|  31|0x00000000fdf00000, 0x00000000fdf00000, 0x00000000fe000000|  0%| F|  |TAMS 0x00000000fdf00000, 0x00000000fdf00000| Untracked 
|  32|0x00000000fe000000, 0x00000000fe000000, 0x00000000fe100000|  0%| F|  |TAMS 0x00000000fe000000, 0x00000000fe000000| Untracked 
|  33|0x00000000fe100000, 0x00000000fe100000, 0x00000000fe200000|  0%| F|  |TAMS 0x00000000fe100000, 0x00000000fe100000| Untracked 
|  34|0x00000000fe200000, 0x00000000fe200000, 0x00000000fe300000|  0%| F|  |TAMS 0x00000000fe200000, 0x00000000fe200000| Untracked 
|  35|0x00000000fe300000, 0x00000000fe300000, 0x00000000fe400000|  0%| F|  |TAMS 0x00000000fe300000, 0x00000000fe300000| Untracked 
|  36|0x00000000fe400000, 0x00000000fe400000, 0x00000000fe500000|  0%| F|  |TAMS 0x00000000fe400000, 0x00000000fe400000| Untracked 
|  37|0x00000000fe500000, 0x00000000fe500000, 0x00000000fe600000|  0%| F|  |TAMS 0x00000000fe500000, 0x00000000fe500000| Untracked 
|  38|0x00000000fe600000, 0x00000000fe600000, 0x00000000fe700000|  0%| F|  |TAMS 0x00000000fe600000, 0x00000000fe600000| Untracked 
|  39|0x00000000fe700000, 0x00000000fe700000, 0x00000000fe800000|  0%| F|  |TAMS 0x00000000fe700000, 0x00000000fe700000| Untracked 
|  40|0x00000000fe800000, 0x00000000fe800000, 0x00000000fe900000|  0%| F|  |TAMS 0x00000000fe800000, 0x00000000fe800000| Untracked 
|  41|0x00000000fe900000, 0x00000000fe900000, 0x00000000fea00000|  0%| F|  |TAMS 0x00000000fe900000, 0x00000000fe900000| Untracked 
|  42|0x00000000fea00000, 0x00000000fea00000, 0x00000000feb00000|  0%| F|  |TAMS 0x00000000fea00000, 0x00000000fea00000| Untracked 
|  43|0x00000000feb00000, 0x00000000feb00000, 0x00000000fec00000|  0%| F|  |TAMS 0x00000000feb00000, 0x00000000feb00000| Untracked 
|  44|0x00000000fec00000, 0x00000000fec00000, 0x00000000fed00000|  0%| F|  |TAMS 0x00000000fec00000, 0x00000000fec00000| Untracked 
|  45|0x00000000fed00000, 0x00000000fed00000, 0x00000000fee00000|  0%| F|  |TAMS 0x00000000fed00000, 0x00000000fed00000| Untracked 
|  46|0x00000000fee00000, 0x00000000fee00000, 0x00000000fef00000|  0%| F|  |TAMS 0x00000000fee00000, 0x00000000fee00000| Untracked 
|  47|0x00000000fef00000, 0x00000000fef00000, 0x00000000ff000000|  0%| F|  |TAMS 0x00000000fef00000, 0x00000000fef00000| Untracked 
|  48|0x00000000ff000000, 0x00000000ff000000, 0x00000000ff100000|  0%| F|  |TAMS 0x00000000ff000000, 0x00000000ff000000| Untracked 
|  49|0x00000000ff100000, 0x00000000ff100000, 0x00000000ff200000|  0%| F|  |TAMS 0x00000000ff100000, 0x00000000ff100000| Untracked 
|  50|0x00000000ff200000, 0x00000000ff200000, 0x00000000ff300000|  0%| F|  |TAMS 0x00000000ff200000, 0x00000000ff200000| Untracked 
|  51|0x00000000ff300000, 0x00000000ff300000, 0x00000000ff400000|  0%| F|  |TAMS 0x00000000ff300000, 0x00000000ff300000| Untracked 
|  52|0x00000000ff400000, 0x00000000ff400000, 0x00000000ff500000|  0%| F|  |TAMS 0x00000000ff400000, 0x00000000ff400000| Untracked 
|  53|0x00000000ff500000, 0x00000000ff500000, 0x00000000ff600000|  0%| F|  |TAMS 0x00000000ff500000, 0x00000000ff500000| Untracked 
|  54|0x00000000ff600000, 0x00000000ff600000, 0x00000000ff700000|  0%| F|  |TAMS 0x00000000ff600000, 0x00000000ff600000| Untracked 
|  55|0x00000000ff700000, 0x00000000ff700000, 0x00000000ff800000|  0%| F|  |TAMS 0x00000000ff700000, 0x00000000ff700000| Untracked 
|  56|0x00000000ff800000, 0x00000000ff800000, 0x00000000ff900000|  0%| F|  |TAMS 0x00000000ff800000, 0x00000000ff800000| Untracked 
|  57|0x00000000ff900000, 0x00000000ffa00000, 0x00000000ffa00000|100%| E|  |TAMS 0x00000000ff900000, 0x00000000ff900000| Complete 
|  58|0x00000000ffa00000, 0x00000000ffb00000, 0x00000000ffb00000|100%| E|CS|TAMS 0x00000000ffa00000, 0x00000000ffa00000| Complete 
|  59|0x00000000ffb00000, 0x00000000ffc00000, 0x00000000ffc00000|100%| E|CS|TAMS 0x00000000ffb00000, 0x00000000ffb00000| Complete 
|  60|0x00000000ffc00000, 0x00000000ffd00000, 0x00000000ffd00000|100%| E|CS|TAMS 0x00000000ffc00000, 0x00000000ffc00000| Complete 
|  61|0x00000000ffd00000, 0x00000000ffe00000, 0x00000000ffe00000|100%| E|  |TAMS 0x00000000ffd00000, 0x00000000ffd00000| Complete 
|  62|0x00000000ffe00000, 0x00000000fff00000, 0x00000000fff00000|100%| E|CS|TAMS 0x00000000ffe00000, 0x00000000ffe00000| Complete 
|  63|0x00000000fff00000, 0x0000000100000000, 0x0000000100000000|100%| E|CS|TAMS 0x00000000fff00000, 0x00000000fff00000| Complete 

Card table byte_map: [0x000002ac6fd20000,0x000002ac6fd40000] _byte_map_base: 0x000002ac6f540000

Marking Bits (Prev, Next): (CMBitMap*) 0x000002ac71d50058, (CMBitMap*) 0x000002ac71d50090
 Prev Bits: [0x000002ac7ad20000, 0x000002ac7ae20000)
 Next Bits: [0x000002ac7ae20000, 0x000002ac7af20000)

Polling page: 0x000002ac6fb60000

Metaspace:

Usage:
  Non-class:      6.39 MB capacity,     6.31 MB ( 99%) used,    81.13 KB (  1%) free+waste,     5.06 KB ( <1%) overhead. 
      Class:    650.00 KB capacity,   607.27 KB ( 93%) used,    40.35 KB (  6%) free+waste,     2.38 KB ( <1%) overhead. 
       Both:      7.02 MB capacity,     6.90 MB ( 98%) used,   121.48 KB (  2%) free+waste,     7.44 KB ( <1%) overhead. 

Virtual space:
  Non-class space:        8.00 MB reserved,       6.50 MB ( 81%) committed 
      Class space:        1.00 GB reserved,     768.00 KB ( <1%) committed 
             Both:        1.01 GB reserved,       7.25 MB ( <1%) committed 

Chunk freelists:
   Non-Class:  49.00 KB
       Class:  0 bytes
        Both:  49.00 KB

MaxMetaspaceSize: 17179869184.00 GB
CompressedClassSpaceSize: 1.00 GB
Initial GC threshold: 20.80 MB
Current GC threshold: 20.80 MB
CDS: off

CodeHeap 'non-profiled nmethods': size=119168Kb used=121Kb max_used=121Kb free=119046Kb
 bounds [0x000002ac07ba0000, 0x000002ac07e10000, 0x000002ac0f000000]
CodeHeap 'profiled nmethods': size=119168Kb used=665Kb max_used=665Kb free=118502Kb
 bounds [0x000002ac00740000, 0x000002ac009b0000, 0x000002ac07ba0000]
CodeHeap 'non-nmethods': size=7424Kb used=1669Kb max_used=1682Kb free=5754Kb
 bounds [0x000002ac00000000, 0x000002ac00270000, 0x000002ac00740000]
 total_blobs=781 nmethods=427 adapters=266
 compilation: enabled
              stopped_count=0, restarted_count=0
 full_count=0

Compilation events (20 events):
Event: 0.498 Thread 0x000002ac7def2800  418       4       java.util.regex.Matcher::reset (128 bytes)
Event: 0.500 Thread 0x000002ac7de22800  420   !   3       java.util.zip.InflaterInputStream::read (138 bytes)
Event: 0.500 Thread 0x000002ac7e812000  421       3       java.util.zip.InflaterInputStream::ensureOpen (18 bytes)
Event: 0.500 Thread 0x000002ac7e812000 nmethod 421 0x000002ac007e3510 code [0x000002ac007e36e0, 0x000002ac007e38e8]
Event: 0.500 Thread 0x000002ac7e812000  422       1       org.gradle.internal.installation.GradleInstallation::getLibDirs (5 bytes)
Event: 0.500 Thread 0x000002ac7e812000 nmethod 422 0x000002ac07bbd790 code [0x000002ac07bbd940, 0x000002ac07bbd9f8]
Event: 0.500 Thread 0x000002ac7e812000  423       3       java.util.ArrayList$Itr::next (66 bytes)
Event: 0.501 Thread 0x000002ac7e812000 nmethod 423 0x000002ac007e3a10 code [0x000002ac007e3c20, 0x000002ac007e3fe8]
Event: 0.501 Thread 0x000002ac7e812000  424       3       java.util.ArrayList$Itr::checkForComodification (23 bytes)
Event: 0.501 Thread 0x000002ac7e812000 nmethod 424 0x000002ac007e4210 code [0x000002ac007e43e0, 0x000002ac007e45a8]
Event: 0.501 Thread 0x000002ac7de22800 nmethod 420 0x000002ac007e4690 code [0x000002ac007e4940, 0x000002ac007e57d8]
Event: 0.502 Thread 0x000002ac7def2800 nmethod 418 0x000002ac07bbda90 code [0x000002ac07bbdc60, 0x000002ac07bbde58]
Event: 0.502 Thread 0x000002ac7def2800  425       4       java.lang.String::getChars (54 bytes)
Event: 0.503 Thread 0x000002ac7e812000  427       3       java.util.HashSet::isEmpty (8 bytes)
Event: 0.503 Thread 0x000002ac7de22800  428       3       java.lang.Integer::numberOfLeadingZeros (78 bytes)
Event: 0.503 Thread 0x000002ac7e812000 nmethod 427 0x000002ac007e5d90 code [0x000002ac007e5f40, 0x000002ac007e6178]
Event: 0.503 Thread 0x000002ac7de22800 nmethod 428 0x000002ac007e6290 code [0x000002ac007e6440, 0x000002ac007e66d8]
Event: 0.504 Thread 0x000002ac7def2800 nmethod 425 0x000002ac07bbe010 code [0x000002ac07bbe1c0, 0x000002ac07bbe4d8]
Event: 0.504 Thread 0x000002ac7def2800  426       4       java.util.regex.Matcher::match (154 bytes)
Event: 0.508 Thread 0x000002ac7e812000  429       3       java.util.regex.Pattern::escape (1323 bytes)

GC Heap History (0 events):
No events

Deoptimization events (20 events):
Event: 0.383 Thread 0x000002ac71d2f000 DEOPT PACKING pc=0x000002ac0079c4bb sp=0x000000c0ab5f62a0
Event: 0.383 Thread 0x000002ac71d2f000 DEOPT UNPACKING pc=0x000002ac0004a95e sp=0x000000c0ab5f5770 mode 0
Event: 0.383 Thread 0x000002ac71d2f000 DEOPT PACKING pc=0x000002ac0079be0e sp=0x000000c0ab5f62d0
Event: 0.383 Thread 0x000002ac71d2f000 DEOPT UNPACKING pc=0x000002ac0004a95e sp=0x000000c0ab5f5770 mode 0
Event: 0.383 Thread 0x000002ac71d2f000 DEOPT PACKING pc=0x000002ac0079c4bb sp=0x000000c0ab5f62a0
Event: 0.383 Thread 0x000002ac71d2f000 DEOPT UNPACKING pc=0x000002ac0004a95e sp=0x000000c0ab5f5770 mode 0
Event: 0.436 Thread 0x000002ac71d2f000 DEOPT PACKING pc=0x000002ac00779d1b sp=0x000000c0ab5fd3a0
Event: 0.436 Thread 0x000002ac71d2f000 DEOPT UNPACKING pc=0x000002ac0004a95e sp=0x000000c0ab5fc810 mode 0
Event: 0.436 Thread 0x000002ac71d2f000 DEOPT PACKING pc=0x000002ac00779d1b sp=0x000000c0ab5fd3a0
Event: 0.436 Thread 0x000002ac71d2f000 DEOPT UNPACKING pc=0x000002ac0004a95e sp=0x000000c0ab5fc810 mode 0
Event: 0.446 Thread 0x000002ac71d2f000 DEOPT PACKING pc=0x000002ac007b01db sp=0x000000c0ab5fd0c0
Event: 0.446 Thread 0x000002ac71d2f000 DEOPT UNPACKING pc=0x000002ac0004a95e sp=0x000000c0ab5fc538 mode 0
Event: 0.446 Thread 0x000002ac71d2f000 DEOPT PACKING pc=0x000002ac007b01db sp=0x000000c0ab5fd0c0
Event: 0.446 Thread 0x000002ac71d2f000 DEOPT UNPACKING pc=0x000002ac0004a95e sp=0x000000c0ab5fc538 mode 0
Event: 0.449 Thread 0x000002ac71d2f000 DEOPT PACKING pc=0x000002ac007b01db sp=0x000000c0ab5fd0c0
Event: 0.449 Thread 0x000002ac71d2f000 DEOPT UNPACKING pc=0x000002ac0004a95e sp=0x000000c0ab5fc538 mode 0
Event: 0.449 Thread 0x000002ac71d2f000 DEOPT PACKING pc=0x000002ac007b01db sp=0x000000c0ab5fd0c0
Event: 0.449 Thread 0x000002ac71d2f000 DEOPT UNPACKING pc=0x000002ac0004a95e sp=0x000000c0ab5fc538 mode 0
Event: 0.489 Thread 0x000002ac71d2f000 DEOPT PACKING pc=0x000002ac007a5e88 sp=0x000000c0ab5fcea0
Event: 0.489 Thread 0x000002ac71d2f000 DEOPT UNPACKING pc=0x000002ac0004a95e sp=0x000000c0ab5fc370 mode 0

Classes redefined (0 events):
No events

Internal exceptions (3 events):
Event: 0.391 Thread 0x000002ac71d2f000 Exception <a 'java/lang/NoSuchMethodError'{0x00000000ffc567c0}: 'int java.lang.invoke.DirectMethodHandle$Holder.invokeStaticInit(java.lang.Object, java.lang.Object)'> (0x00000000ffc567c0) thrown at [./src/hotspot/share/interpreter/linkResolver.cpp, line 773]
Event: 0.433 Thread 0x000002ac71d2f000 Exception <a 'java/lang/NoSuchMethodError'{0x00000000ffb29d78}: 'int java.lang.invoke.DirectMethodHandle$Holder.invokeSpecial(java.lang.Object, java.lang.Object, java.lang.Object, java.lang.Object)'> (0x00000000ffb29d78) thrown at [./src/hotspot/share/interpreter/linkResolver.cpp, line 773]
Event: 0.440 Thread 0x000002ac71d2f000 Exception <a 'java/lang/NoSuchMethodError'{0x00000000ffb62510}: 'int java.lang.invoke.DirectMethodHandle$Holder.invokeSpecialIFC(java.lang.Object, java.lang.Object, int)'> (0x00000000ffb62510) thrown at [./src/hotspot/share/interpreter/linkResolver.cpp, line 773]

Events (20 events):
Event: 0.431 loading class org/gradle/api/internal/classpath/DefaultModuleRegistry$DefaultModule
Event: 0.431 loading class org/gradle/api/internal/classpath/DefaultModuleRegistry$DefaultModule done
Event: 0.431 loading class java/util/Collections$SingletonSet
Event: 0.431 loading class java/util/Collections$SingletonSet done
Event: 0.431 loading class java/util/Collections$1
Event: 0.431 loading class java/util/Collections$1 done
Event: 0.434 loading class org/gradle/api/internal/classpath/DefaultModuleRegistry
Event: 0.434 loading class org/gradle/api/internal/classpath/DefaultModuleRegistry done
Event: 0.437 loading class java/lang/invoke/DirectMethodHandle$Constructor
Event: 0.437 loading class java/lang/invoke/DirectMethodHandle$Constructor done
Event: 0.438 loading class org/gradle/util/internal/GUtil
Event: 0.438 loading class org/gradle/util/internal/GUtil done
Event: 0.439 loading class org/gradle/api/Transformer
Event: 0.439 loading class org/gradle/api/Transformer done
Event: 0.440 loading class java/util/regex/Pattern$StartS
Event: 0.440 loading class java/util/regex/Pattern$StartS done
Event: 0.442 loading class org/gradle/internal/IoActions
Event: 0.442 loading class org/gradle/internal/IoActions done
Event: 0.442 loading class org/gradle/api/Action
Event: 0.442 loading class org/gradle/api/Action done


Dynamic libraries:
0x00007ff72e740000 - 0x00007ff72e74d000 	C:\Program Files\Microsoft\jdk-11.0.18.10-hotspot\bin\java.exe
0x00007ffada430000 - 0x00007ffada644000 	C:\WINDOWS\SYSTEM32\ntdll.dll
0x00007ffad9c30000 - 0x00007ffad9cf2000 	C:\WINDOWS\System32\KERNEL32.DLL
0x00007ffad78a0000 - 0x00007ffad7c43000 	C:\WINDOWS\System32\KERNELBASE.dll
0x00007ffad80f0000 - 0x00007ffad8201000 	C:\WINDOWS\System32\ucrtbase.dll
0x00007ffaac020000 - 0x00007ffaac037000 	C:\Program Files\Microsoft\jdk-11.0.18.10-hotspot\bin\jli.dll
0x00007ffad92a0000 - 0x00007ffad944b000 	C:\WINDOWS\System32\USER32.dll
0x00007ffad8000000 - 0x00007ffad8026000 	C:\WINDOWS\System32\win32u.dll
0x00007ffad9600000 - 0x00007ffad9629000 	C:\WINDOWS\System32\GDI32.dll
0x00007ffad7e40000 - 0x00007ffad7f59000 	C:\WINDOWS\System32\gdi32full.dll
0x00007ffad7f60000 - 0x00007ffad7ffa000 	C:\WINDOWS\System32\msvcp_win.dll
0x00007ffa9f190000 - 0x00007ffa9f1a5000 	C:\Program Files\Microsoft\jdk-11.0.18.10-hotspot\bin\VCRUNTIME140.dll
0x00007ffad0120000 - 0x00007ffad03ae000 	C:\WINDOWS\WinSxS\amd64_microsoft.windows.common-controls_6595b64144ccf1df_6.0.22621.1635_none_270f70857386168e\COMCTL32.dll
0x00007ffada1e0000 - 0x00007ffada287000 	C:\WINDOWS\System32\msvcrt.dll
0x00007ffad84d0000 - 0x00007ffad8501000 	C:\WINDOWS\System32\IMM32.DLL
0x00007ffa7dd30000 - 0x00007ffa7ddcb000 	C:\Program Files\Microsoft\jdk-11.0.18.10-hotspot\bin\msvcp140.dll
0x00007ffa7c030000 - 0x00007ffa7cbc2000 	C:\Program Files\Microsoft\jdk-11.0.18.10-hotspot\bin\server\jvm.dll
0x00007ffada110000 - 0x00007ffada1be000 	C:\WINDOWS\System32\ADVAPI32.dll
0x00007ffada340000 - 0x00007ffada3e4000 	C:\WINDOWS\System32\sechost.dll
0x00007ffad8d90000 - 0x00007ffad8ea7000 	C:\WINDOWS\System32\RPCRT4.dll
0x00007ffad8520000 - 0x00007ffad8528000 	C:\WINDOWS\System32\PSAPI.DLL
0x00007ffacfac0000 - 0x00007ffacfaca000 	C:\WINDOWS\SYSTEM32\VERSION.dll
0x00007fface390000 - 0x00007fface3c4000 	C:\WINDOWS\SYSTEM32\WINMM.dll
0x00007ffac5210000 - 0x00007ffac5219000 	C:\WINDOWS\SYSTEM32\WSOCK32.dll
0x00007ffad83e0000 - 0x00007ffad8451000 	C:\WINDOWS\System32\WS2_32.dll
0x00007ffad6880000 - 0x00007ffad6898000 	C:\WINDOWS\SYSTEM32\kernel.appcore.dll
0x00007ffaac440000 - 0x00007ffaac450000 	C:\Program Files\Microsoft\jdk-11.0.18.10-hotspot\bin\verify.dll
0x00007ffad4e10000 - 0x00007ffad503e000 	C:\WINDOWS\SYSTEM32\DBGHELP.DLL
0x00007ffad9d60000 - 0x00007ffada0e9000 	C:\WINDOWS\System32\combase.dll
0x00007ffad9b50000 - 0x00007ffad9c27000 	C:\WINDOWS\System32\OLEAUT32.dll
0x00007ffacc1c0000 - 0x00007ffacc1f2000 	C:\WINDOWS\SYSTEM32\dbgcore.DLL
0x00007ffad7c50000 - 0x00007ffad7ccb000 	C:\WINDOWS\System32\bcryptPrimitives.dll
0x00007ffa7ec40000 - 0x00007ffa7ec68000 	C:\Program Files\Microsoft\jdk-11.0.18.10-hotspot\bin\java.dll
0x00007ffa964a0000 - 0x00007ffa964aa000 	C:\Program Files\Microsoft\jdk-11.0.18.10-hotspot\bin\jimage.dll
0x00007ffa7ec20000 - 0x00007ffa7ec38000 	C:\Program Files\Microsoft\jdk-11.0.18.10-hotspot\bin\zip.dll
0x00007ffad8590000 - 0x00007ffad8d8a000 	C:\WINDOWS\System32\SHELL32.dll
0x00007ffad5830000 - 0x00007ffad60fe000 	C:\WINDOWS\SYSTEM32\windows.storage.dll
0x00007ffad56f0000 - 0x00007ffad582e000 	C:\WINDOWS\SYSTEM32\wintypes.dll
0x00007ffad91a0000 - 0x00007ffad9291000 	C:\WINDOWS\System32\SHCORE.dll
0x00007ffad9d00000 - 0x00007ffad9d5e000 	C:\WINDOWS\System32\shlwapi.dll
0x00007ffad7760000 - 0x00007ffad7781000 	C:\WINDOWS\SYSTEM32\profapi.dll
0x00007ffa7d790000 - 0x00007ffa7d7a9000 	C:\Program Files\Microsoft\jdk-11.0.18.10-hotspot\bin\net.dll
0x00007ffad2120000 - 0x00007ffad2257000 	C:\WINDOWS\SYSTEM32\WINHTTP.dll
0x00007ffad6cf0000 - 0x00007ffad6d59000 	C:\WINDOWS\system32\mswsock.dll
0x00007ffa7d770000 - 0x00007ffa7d783000 	C:\Program Files\Microsoft\jdk-11.0.18.10-hotspot\bin\nio.dll

dbghelp: loaded successfully - version: 4.0.5 - missing functions: none
symbol engine: initialized successfully - sym options: 0x614 - pdb path: .;C:\Program Files\Microsoft\jdk-11.0.18.10-hotspot\bin;C:\WINDOWS\SYSTEM32;C:\WINDOWS\WinSxS\amd64_microsoft.windows.common-controls_6595b64144ccf1df_6.0.22621.1635_none_270f70857386168e;C:\Program Files\Microsoft\jdk-11.0.18.10-hotspot\bin\server

VM Arguments:
jvm_args: -Xmx64m -Xms64m -Dorg.gradle.appname=gradlew 
java_command: org.gradle.wrapper.GradleWrapperMain app:installDebug -PreactNativeDevServerPort=8081
java_class_path (initial): D:\React-native\Coffee_Taste\android\\gradle\wrapper\gradle-wrapper.jar
Launcher Type: SUN_STANDARD

[Global flags]
     intx CICompilerCount                          = 12                                        {product} {ergonomic}
     uint ConcGCThreads                            = 3                                         {product} {ergonomic}
     uint G1ConcRefinementThreads                  = 13                                        {product} {ergonomic}
   size_t G1HeapRegionSize                         = 1048576                                   {product} {ergonomic}
    uintx GCDrainStackTargetSize                   = 64                                        {product} {ergonomic}
   size_t InitialHeapSize                          = 67108864                                  {product} {command line}
   size_t MarkStackSize                            = 4194304                                   {product} {ergonomic}
   size_t MaxHeapSize                              = 67108864                                  {product} {command line}
   size_t MaxNewSize                               = 39845888                                  {product} {ergonomic}
   size_t MinHeapDeltaBytes                        = 1048576                                   {product} {ergonomic}
    uintx NonNMethodCodeHeapSize                   = 7594288                                {pd product} {ergonomic}
    uintx NonProfiledCodeHeapSize                  = 122031976                              {pd product} {ergonomic}
    uintx ProfiledCodeHeapSize                     = 122031976                              {pd product} {ergonomic}
    uintx ReservedCodeCacheSize                    = 251658240                              {pd product} {ergonomic}
     bool SegmentedCodeCache                       = true                                      {product} {ergonomic}
     bool UseCompressedClassPointers               = true                                 {lp64_product} {ergonomic}
     bool UseCompressedOops                        = true                                 {lp64_product} {ergonomic}
     bool UseG1GC                                  = true                                      {product} {ergonomic}
     bool UseLargePagesIndividualAllocation        = false                                  {pd product} {ergonomic}

Logging:
Log output configuration:
 #0: stdout all=warning uptime,level,tags
 #1: stderr all=off uptime,level,tags

Environment Variables:
JAVA_HOME=C:\Program Files\Microsoft\jdk-11.0.18.10-hotspot\
CLASSPATH=D:\React-native\Coffee_Taste\android\\gradle\wrapper\gradle-wrapper.jar
PATH=D:\React-native\Coffee_Taste\android\node_modules\.bin;D:\React-native\Coffee_Taste\node_modules\.bin;D:\React-native\node_modules\.bin;D:\node_modules\.bin;C:\Program Files\nodejs;D:\React-native\Coffee_Taste\node_modules\.bin;D:\React-native\Coffee_Taste\node_modules\.bin;D:\React-native\node_modules\.bin;D:\node_modules\.bin;C:\Program Files\nodejs\node_modules\npm\node_modules\@npmcli\run-script\lib\node-gyp-bin;D:\React-native\Coffee_Taste\node_modules\.bin;D:\React-native\node_modules\.bin;D:\node_modules\.bin;C:\Program Files\nodejs;D:\React-native\Coffee_Taste\node_modules\.bin;D:\React-native\node_modules\.bin;D:\node_modules\.bin;C:\Program Files\nodejs\node_modules\npm\node_modules\@npmcli\run-script\lib\node-gyp-bin;C:\Program Files\Microsoft\jdk-11.0.18.10-hotspot\bin;C:\Program Files\Microsoft\jdk-11.0.12.7-hotspot\bin;C:\Program Files (x86)\Common Files\Intel\Shared Libraries\redist\intel64\compiler;C:\WINDOWS\system32;C:\WINDOWS;C:\WINDOWS\System32\Wbem;C:\WINDOWS\System32\WindowsPowerShell\v1.0\;C:\WINDOWS\System32\OpenSSH\;C:\Program Files\Microsoft SQL Server\130\Tools\Binn\;"C:\Program Files\Git\cmd;C:\src\flutter_windows_2.10.4-stable\bin";C:\Program Files (x86)\NVIDIA Corporation\PhysX\Common;C:\Program Files\NVIDIA Corporation\NVIDIA NvDLISR;C:\Program Files\dotnet\;C:\WINDOWS\system32;C:\WINDOWS;C:\WINDOWS\System32\Wbem;C:\WINDOWS\System32\WindowsPowerShell\v1.0\;C:\WINDOWS\System32\OpenSSH\;C:\Program Files\Git\cmd;C:\ProgramData\chocolatey\bin;C:\Program Files\nodejs\;C:\Program Files\GitHub CLI\;C:\Users\User\AppData\Local\Programs\Python\Python310\Scripts\;C:\Users\User\AppData\Local\Programs\Python\Python310\;C:\Users\User\AppData\Local\Microsoft\WindowsApps;"C:\Users\User\AppData\Local\Programs\Microsoft VS Code\bin;C:\src\flutter_windows_2.10.4-stable\bin";C:\Users\User\AppData\Local\Programs\Microsoft VS Code\bin;C:\Users\User\AppData\Local\GitHubDesktop\bin;C:\Users\User\AppData\Local\JetBrains\Toolbox\scripts;C:\Users\User\AppData
USERNAME=User
LANG=en_US.UTF-8
OS=Windows_NT
PROCESSOR_IDENTIFIER=AMD64 Family 25 Model 80 Stepping 0, AuthenticAMD
TMP=C:\Users\User\AppData\Local\Temp
TEMP=C:\Users\User\AppData\Local\Temp



---------------  S Y S T E M  ---------------

OS: Windows 11 , 64 bit Build 22621 (10.0.22621.1778)
OS uptime: 0 days 4:15 hours

CPU:total 16 (initial active 16) (16 cores per cpu, 2 threads per core) family 25 model 80 stepping 0 microcode 0x0, cmov, cx8, fxsr, mmx, sse, sse2, sse3, ssse3, sse4.1, sse4.2, popcnt, avx, avx2, aes, clmul, erms, mmxext, 3dnowpref, lzcnt, sse4a, ht, tsc, tscinvbit, tscinv, bmi1, bmi2, adx, sha, fma

Memory: 4k page, system-wide physical 15774M (2550M free)
TotalPageFile size 23966M (AvailPageFile size 1M)
current process WorkingSet (physical memory assigned to process): 42M, peak: 42M
current process commit charge ("private bytes"): 151M, peak: 151M

vm_info: OpenJDK 64-Bit Server VM (11.0.18+10-LTS) for windows-amd64 JRE (11.0.18+10-LTS), built on Jan 18 2023 15:56:47 by "MicrosoftCorporation" with MS VC++ 15.9 (VS2017)

END.
