#
# There is insufficient memory for the Java Runtime Environment to continue.
# Native memory allocation (malloc) failed to allocate 76656 bytes for Chunk::new
# Possible reasons:
#   The system is out of physical RAM or swap space
#   The process is running with CompressedOops enabled, and the Java Heap may be blocking the growth of the native heap
# Possible solutions:
#   Reduce memory load on the system
#   Increase physical memory or swap space
#   Check if swap backing store is full
#   Decrease Java heap size (-Xmx/-Xms)
#   Decrease number of Java threads
#   Decrease Java thread stack sizes (-Xss)
#   Set larger code cache with -XX:ReservedCodeCacheSize=
#   JVM is running with Unscaled Compressed Oops mode in which the Java heap is
#     placed in the first 4GB address space. The Java Heap base address is the
#     maximum limit for the native heap growth. Please use -XX:HeapBaseMinAddress
#     to set the Java Heap base and to place the Java Heap above 4GB virtual address.
# This output file may be truncated or incomplete.
#
#  Out of Memory Error (./src/hotspot/share/memory/arena.cpp:197), pid=23024, tid=20368
#
# JRE version: OpenJDK Runtime Environment Microsoft-7208460 (11.0.18+10) (build 11.0.18+10-LTS)
# Java VM: OpenJDK 64-Bit Server VM Microsoft-7208460 (11.0.18+10-LTS, mixed mode, tiered, compressed oops, g1 gc, windows-amd64)
# No core dump will be written. Minidumps are not enabled by default on client versions of Windows
#

---------------  S U M M A R Y ------------

Command Line: -Xmx64m -Xms64m -Dorg.gradle.appname=gradlew org.gradle.wrapper.GradleWrapperMain app:installDebug -PreactNativeDevServerPort=8081

Host: AMD Ryzen 7 5800H with Radeon Graphics         , 16 cores, 15G,  Windows 11 , 64 bit Build 22621 (10.0.22621.1778)
Time: Tue Jun 13 00:18:14 2023 Azerbaijan Standard Time elapsed time: 0.495487 seconds (0d 0h 0m 0s)

---------------  T H R E A D  ---------------

Current thread (0x000001e856131000):  JavaThread "C2 CompilerThread0" daemon [_thread_in_native, id=20368, stack(0x0000001c8a600000,0x0000001c8a700000)]


Current CompileTask:
C2:    495  675       4       java.lang.String::toLowerCase (29 bytes)

Stack: [0x0000001c8a600000,0x0000001c8a700000]
Native frames: (J=compiled Java code, j=interpreted, Vv=VM code, C=native code)
V  [jvm.dll+0x62bf8a]
V  [jvm.dll+0x7b8fb9]
V  [jvm.dll+0x7ba6a8]
V  [jvm.dll+0x7bad83]
V  [jvm.dll+0x250248]
V  [jvm.dll+0xc260c]
V  [jvm.dll+0xc2bcc]
V  [jvm.dll+0x35e1c7]
V  [jvm.dll+0x19ede1]
V  [jvm.dll+0x209495]
V  [jvm.dll+0x20850d]
V  [jvm.dll+0x18a4b1]
V  [jvm.dll+0x217eec]
V  [jvm.dll+0x21612b]
V  [jvm.dll+0x77bac0]
V  [jvm.dll+0x7749f4]
V  [jvm.dll+0x62adf5]
C  [ucrtbase.dll+0x29363]
C  [KERNEL32.DLL+0x126ad]
C  [ntdll.dll+0x5a9f8]


---------------  P R O C E S S  ---------------

Threads class SMR info:
_java_thread_list=0x000001e856e486a0, length=12, elements={
0x000001e83af6f800, 0x000001e8560a6800, 0x000001e8560d8000, 0x000001e85612c800,
0x000001e85612e800, 0x000001e85612f800, 0x000001e856131000, 0x000001e856a59000,
0x000001e856a5c000, 0x000001e856bca000, 0x000001e856e78800, 0x000001e856e79000
}

Java Threads: ( => current thread )
  0x000001e83af6f800 JavaThread "main" [_thread_in_Java, id=24056, stack(0x0000001c89a00000,0x0000001c89b00000)]
  0x000001e8560a6800 JavaThread "Reference Handler" daemon [_thread_blocked, id=22700, stack(0x0000001c8a100000,0x0000001c8a200000)]
  0x000001e8560d8000 JavaThread "Finalizer" daemon [_thread_blocked, id=19028, stack(0x0000001c8a200000,0x0000001c8a300000)]
  0x000001e85612c800 JavaThread "Signal Dispatcher" daemon [_thread_blocked, id=23740, stack(0x0000001c8a300000,0x0000001c8a400000)]
  0x000001e85612e800 JavaThread "Attach Listener" daemon [_thread_blocked, id=11960, stack(0x0000001c8a400000,0x0000001c8a500000)]
  0x000001e85612f800 JavaThread "Service Thread" daemon [_thread_blocked, id=22596, stack(0x0000001c8a500000,0x0000001c8a600000)]
=>0x000001e856131000 JavaThread "C2 CompilerThread0" daemon [_thread_in_native, id=20368, stack(0x0000001c8a600000,0x0000001c8a700000)]
  0x000001e856a59000 JavaThread "C1 CompilerThread0" daemon [_thread_blocked, id=21628, stack(0x0000001c8a700000,0x0000001c8a800000)]
  0x000001e856a5c000 JavaThread "Sweeper thread" daemon [_thread_blocked, id=14996, stack(0x0000001c8a800000,0x0000001c8a900000)]
  0x000001e856bca000 JavaThread "Common-Cleaner" daemon [_thread_blocked, id=7624, stack(0x0000001c8aa00000,0x0000001c8ab00000)]
  0x000001e856e78800 JavaThread "C1 CompilerThread1" daemon [_thread_in_vm, id=9448, stack(0x0000001c8ab00000,0x0000001c8ac00000)]
  0x000001e856e79000 JavaThread "C1 CompilerThread2" daemon [_thread_in_native, id=7432, stack(0x0000001c8ac00000,0x0000001c8ad00000)]

Other Threads:
  0x000001e8560a5000 VMThread "VM Thread" [stack: 0x0000001c8a000000,0x0000001c8a100000] [id=1176]
  0x000001e856bc6000 WatcherThread [stack: 0x0000001c8a900000,0x0000001c8aa00000] [id=22592]
  0x000001e83af88800 GCTaskThread "GC Thread#0" [stack: 0x0000001c89b00000,0x0000001c89c00000] [id=21840]
  0x000001e83af92000 ConcurrentGCThread "G1 Main Marker" [stack: 0x0000001c89c00000,0x0000001c89d00000] [id=13992]
  0x000001e83af94000 ConcurrentGCThread "G1 Conc#0" [stack: 0x0000001c89d00000,0x0000001c89e00000] [id=14940]
  0x000001e83b012000 ConcurrentGCThread "G1 Refine#0" [stack: 0x0000001c89e00000,0x0000001c89f00000] [id=12788]
  0x000001e83b015800 ConcurrentGCThread "G1 Young RemSet Sampling" [stack: 0x0000001c89f00000,0x0000001c8a000000] [id=7420]

Threads with active compile tasks:
C2 CompilerThread0      512  675       4       java.lang.String::toLowerCase (29 bytes)
C1 CompilerThread0      512  691   !   3       jdk.internal.loader.URLClassPath$JarLoader::getResource (353 bytes)
C1 CompilerThread2      512  689       3       java.net.URLStreamHandler::toExternalForm (156 bytes)

VM state:not at safepoint (normal execution)

VM Mutex/Monitor currently owned by a thread: None

OutOfMemory and StackOverflow Exception counts:
OutOfMemoryError java_heap_errors=5
LinkageErrors=3

Heap address: 0x00000000fc000000, size: 64 MB, Compressed Oops mode: 32-bit
Narrow klass base: 0x0000000000000000, Narrow klass shift: 3
Compressed class space size: 1073741824 Address: 0x0000000100000000

Heap:
 garbage-first heap   total 65536K, used 18432K [0x00000000fc000000, 0x0000000100000000)
  region size 1024K, 17 young (17408K), 0 survivors (0K)
 Metaspace       used 7821K, capacity 8017K, committed 8192K, reserved 1056768K
  class space    used 681K, capacity 754K, committed 768K, reserved 1048576K
Heap Regions: E=young(eden), S=young(survivor), O=old, HS=humongous(starts), HC=humongous(continues), CS=collection set, F=free, A=archive, TAMS=top-at-mark-start (previous, next)
|   0|0x00000000fc000000, 0x00000000fc100000, 0x00000000fc100000|100%|HS|  |TAMS 0x00000000fc000000, 0x00000000fc000000| Complete 
|   1|0x00000000fc100000, 0x00000000fc200000, 0x00000000fc200000|100%|HC|  |TAMS 0x00000000fc100000, 0x00000000fc100000| Complete 
|   2|0x00000000fc200000, 0x00000000fc300000, 0x00000000fc300000|100%|HC|  |TAMS 0x00000000fc200000, 0x00000000fc200000| Complete 
|   3|0x00000000fc300000, 0x00000000fc300000, 0x00000000fc400000|  0%| F|  |TAMS 0x00000000fc300000, 0x00000000fc300000| Untracked 
|   4|0x00000000fc400000, 0x00000000fc400000, 0x00000000fc500000|  0%| F|  |TAMS 0x00000000fc400000, 0x00000000fc400000| Untracked 
|   5|0x00000000fc500000, 0x00000000fc500000, 0x00000000fc600000|  0%| F|  |TAMS 0x00000000fc500000, 0x00000000fc500000| Untracked 
|   6|0x00000000fc600000, 0x00000000fc600000, 0x00000000fc700000|  0%| F|  |TAMS 0x00000000fc600000, 0x00000000fc600000| Untracked 
|   7|0x00000000fc700000, 0x00000000fc700000, 0x00000000fc800000|  0%| F|  |TAMS 0x00000000fc700000, 0x00000000fc700000| Untracked 
|   8|0x00000000fc800000, 0x00000000fc800000, 0x00000000fc900000|  0%| F|  |TAMS 0x00000000fc800000, 0x00000000fc800000| Untracked 
|   9|0x00000000fc900000, 0x00000000fc900000, 0x00000000fca00000|  0%| F|  |TAMS 0x00000000fc900000, 0x00000000fc900000| Untracked 
|  10|0x00000000fca00000, 0x00000000fca00000, 0x00000000fcb00000|  0%| F|  |TAMS 0x00000000fca00000, 0x00000000fca00000| Untracked 
|  11|0x00000000fcb00000, 0x00000000fcb00000, 0x00000000fcc00000|  0%| F|  |TAMS 0x00000000fcb00000, 0x00000000fcb00000| Untracked 
|  12|0x00000000fcc00000, 0x00000000fcc00000, 0x00000000fcd00000|  0%| F|  |TAMS 0x00000000fcc00000, 0x00000000fcc00000| Untracked 
|  13|0x00000000fcd00000, 0x00000000fcd00000, 0x00000000fce00000|  0%| F|  |TAMS 0x00000000fcd00000, 0x00000000fcd00000| Untracked 
|  14|0x00000000fce00000, 0x00000000fce00000, 0x00000000fcf00000|  0%| F|  |TAMS 0x00000000fce00000, 0x00000000fce00000| Untracked 
|  15|0x00000000fcf00000, 0x00000000fcf00000, 0x00000000fd000000|  0%| F|  |TAMS 0x00000000fcf00000, 0x00000000fcf00000| Untracked 
|  16|0x00000000fd000000, 0x00000000fd000000, 0x00000000fd100000|  0%| F|  |TAMS 0x00000000fd000000, 0x00000000fd000000| Untracked 
|  17|0x00000000fd100000, 0x00000000fd100000, 0x00000000fd200000|  0%| F|  |TAMS 0x00000000fd100000, 0x00000000fd100000| Untracked 
|  18|0x00000000fd200000, 0x00000000fd200000, 0x00000000fd300000|  0%| F|  |TAMS 0x00000000fd200000, 0x00000000fd200000| Untracked 
|  19|0x00000000fd300000, 0x00000000fd300000, 0x00000000fd400000|  0%| F|  |TAMS 0x00000000fd300000, 0x00000000fd300000| Untracked 
|  20|0x00000000fd400000, 0x00000000fd400000, 0x00000000fd500000|  0%| F|  |TAMS 0x00000000fd400000, 0x00000000fd400000| Untracked 
|  21|0x00000000fd500000, 0x00000000fd500000, 0x00000000fd600000|  0%| F|  |TAMS 0x00000000fd500000, 0x00000000fd500000| Untracked 
|  22|0x00000000fd600000, 0x00000000fd600000, 0x00000000fd700000|  0%| F|  |TAMS 0x00000000fd600000, 0x00000000fd600000| Untracked 
|  23|0x00000000fd700000, 0x00000000fd700000, 0x00000000fd800000|  0%| F|  |TAMS 0x00000000fd700000, 0x00000000fd700000| Untracked 
|  24|0x00000000fd800000, 0x00000000fd800000, 0x00000000fd900000|  0%| F|  |TAMS 0x00000000fd800000, 0x00000000fd800000| Untracked 
|  25|0x00000000fd900000, 0x00000000fd900000, 0x00000000fda00000|  0%| F|  |TAMS 0x00000000fd900000, 0x00000000fd900000| Untracked 
|  26|0x00000000fda00000, 0x00000000fda00000, 0x00000000fdb00000|  0%| F|  |TAMS 0x00000000fda00000, 0x00000000fda00000| Untracked 
|  27|0x00000000fdb00000, 0x00000000fdb00000, 0x00000000fdc00000|  0%| F|  |TAMS 0x00000000fdb00000, 0x00000000fdb00000| Untracked 
|  28|0x00000000fdc00000, 0x00000000fdc00000, 0x00000000fdd00000|  0%| F|  |TAMS 0x00000000fdc00000, 0x00000000fdc00000| Untracked 
|  29|0x00000000fdd00000, 0x00000000fdd00000, 0x00000000fde00000|  0%| F|  |TAMS 0x00000000fdd00000, 0x00000000fdd00000| Untracked 
|  30|0x00000000fde00000, 0x00000000fde00000, 0x00000000fdf00000|  0%| F|  |TAMS 0x00000000fde00000, 0x00000000fde00000| Untracked 
|  31|0x00000000fdf00000, 0x00000000fdf00000, 0x00000000fe000000|  0%| F|  |TAMS 0x00000000fdf00000, 0x00000000fdf00000| Untracked 
|  32|0x00000000fe000000, 0x00000000fe000000, 0x00000000fe100000|  0%| F|  |TAMS 0x00000000fe000000, 0x00000000fe000000| Untracked 
|  33|0x00000000fe100000, 0x00000000fe100000, 0x00000000fe200000|  0%| F|  |TAMS 0x00000000fe100000, 0x00000000fe100000| Untracked 
|  34|0x00000000fe200000, 0x00000000fe200000, 0x00000000fe300000|  0%| F|  |TAMS 0x00000000fe200000, 0x00000000fe200000| Untracked 
|  35|0x00000000fe300000, 0x00000000fe300000, 0x00000000fe400000|  0%| F|  |TAMS 0x00000000fe300000, 0x00000000fe300000| Untracked 
|  36|0x00000000fe400000, 0x00000000fe400000, 0x00000000fe500000|  0%| F|  |TAMS 0x00000000fe400000, 0x00000000fe400000| Untracked 
|  37|0x00000000fe500000, 0x00000000fe500000, 0x00000000fe600000|  0%| F|  |TAMS 0x00000000fe500000, 0x00000000fe500000| Untracked 
|  38|0x00000000fe600000, 0x00000000fe600000, 0x00000000fe700000|  0%| F|  |TAMS 0x00000000fe600000, 0x00000000fe600000| Untracked 
|  39|0x00000000fe700000, 0x00000000fe700000, 0x00000000fe800000|  0%| F|  |TAMS 0x00000000fe700000, 0x00000000fe700000| Untracked 
|  40|0x00000000fe800000, 0x00000000fe800000, 0x00000000fe900000|  0%| F|  |TAMS 0x00000000fe800000, 0x00000000fe800000| Untracked 
|  41|0x00000000fe900000, 0x00000000fe900000, 0x00000000fea00000|  0%| F|  |TAMS 0x00000000fe900000, 0x00000000fe900000| Untracked 
|  42|0x00000000fea00000, 0x00000000fea00000, 0x00000000feb00000|  0%| F|  |TAMS 0x00000000fea00000, 0x00000000fea00000| Untracked 
|  43|0x00000000feb00000, 0x00000000feb00000, 0x00000000fec00000|  0%| F|  |TAMS 0x00000000feb00000, 0x00000000feb00000| Untracked 
|  44|0x00000000fec00000, 0x00000000fec00000, 0x00000000fed00000|  0%| F|  |TAMS 0x00000000fec00000, 0x00000000fec00000| Untracked 
|  45|0x00000000fed00000, 0x00000000fed00000, 0x00000000fee00000|  0%| F|  |TAMS 0x00000000fed00000, 0x00000000fed00000| Untracked 
|  46|0x00000000fee00000, 0x00000000fee00000, 0x00000000fef00000|  0%| F|  |TAMS 0x00000000fee00000, 0x00000000fee00000| Untracked 
|  47|0x00000000fef00000, 0x00000000ff000000, 0x00000000ff000000|100%| E|  |TAMS 0x00000000fef00000, 0x00000000fef00000| Complete 
|  48|0x00000000ff000000, 0x00000000ff100000, 0x00000000ff100000|100%| E|CS|TAMS 0x00000000ff000000, 0x00000000ff000000| Complete 
|  49|0x00000000ff100000, 0x00000000ff200000, 0x00000000ff200000|100%| E|CS|TAMS 0x00000000ff100000, 0x00000000ff100000| Complete 
|  50|0x00000000ff200000, 0x00000000ff300000, 0x00000000ff300000|100%| E|CS|TAMS 0x00000000ff200000, 0x00000000ff200000| Complete 
|  51|0x00000000ff300000, 0x00000000ff400000, 0x00000000ff400000|100%| E|  |TAMS 0x00000000ff300000, 0x00000000ff300000| Complete 
|  52|0x00000000ff400000, 0x00000000ff500000, 0x00000000ff500000|100%| E|CS|TAMS 0x00000000ff400000, 0x00000000ff400000| Complete 
|  53|0x00000000ff500000, 0x00000000ff600000, 0x00000000ff600000|100%| E|CS|TAMS 0x00000000ff500000, 0x00000000ff500000| Complete 
|  54|0x00000000ff600000, 0x00000000ff700000, 0x00000000ff700000|100%| E|CS|TAMS 0x00000000ff600000, 0x00000000ff600000| Complete 
|  55|0x00000000ff700000, 0x00000000ff800000, 0x00000000ff800000|100%| E|CS|TAMS 0x00000000ff700000, 0x00000000ff700000| Complete 
|  56|0x00000000ff800000, 0x00000000ff900000, 0x00000000ff900000|100%| E|CS|TAMS 0x00000000ff800000, 0x00000000ff800000| Complete 
|  57|0x00000000ff900000, 0x00000000ffa00000, 0x00000000ffa00000|100%| E|CS|TAMS 0x00000000ff900000, 0x00000000ff900000| Complete 
|  58|0x00000000ffa00000, 0x00000000ffb00000, 0x00000000ffb00000|100%| E|CS|TAMS 0x00000000ffa00000, 0x00000000ffa00000| Complete 
|  59|0x00000000ffb00000, 0x00000000ffc00000, 0x00000000ffc00000|100%| E|CS|TAMS 0x00000000ffb00000, 0x00000000ffb00000| Complete 
|  60|0x00000000ffc00000, 0x00000000ffd00000, 0x00000000ffd00000|100%| E|CS|TAMS 0x00000000ffc00000, 0x00000000ffc00000| Complete 
|  61|0x00000000ffd00000, 0x00000000ffe00000, 0x00000000ffe00000|100%| E|CS|TAMS 0x00000000ffd00000, 0x00000000ffd00000| Complete 
|  62|0x00000000ffe00000, 0x00000000fff00000, 0x00000000fff00000|100%| E|CS|TAMS 0x00000000ffe00000, 0x00000000ffe00000| Complete 
|  63|0x00000000fff00000, 0x0000000100000000, 0x0000000100000000|100%| E|CS|TAMS 0x00000000fff00000, 0x00000000fff00000| Complete 

Card table byte_map: [0x000001e83aec0000,0x000001e83aee0000] _byte_map_base: 0x000001e83a6e0000

Marking Bits (Prev, Next): (CMBitMap*) 0x000001e83af90128, (CMBitMap*) 0x000001e83af90160
 Prev Bits: [0x000001e852f60000, 0x000001e853060000)
 Next Bits: [0x000001e853060000, 0x000001e853160000)

Polling page: 0x000001e838f80000

Metaspace:

Usage:
  Non-class:      7.09 MB capacity,     6.98 MB ( 98%) used,   110.94 KB (  2%) free+waste,     6.00 KB ( <1%) overhead. 
      Class:    754.00 KB capacity,   683.82 KB ( 91%) used,    67.37 KB (  9%) free+waste,     2.81 KB ( <1%) overhead. 
       Both:      7.83 MB capacity,     7.65 MB ( 98%) used,   178.30 KB (  2%) free+waste,     8.81 KB ( <1%) overhead. 

Virtual space:
  Non-class space:        8.00 MB reserved,       7.25 MB ( 91%) committed 
      Class space:        1.00 GB reserved,     768.00 KB ( <1%) committed 
             Both:        1.01 GB reserved,       8.00 MB ( <1%) committed 

Chunk freelists:
   Non-Class:  33.00 KB
       Class:  14.00 KB
        Both:  47.00 KB

MaxMetaspaceSize: 17179869184.00 GB
CompressedClassSpaceSize: 1.00 GB
Initial GC threshold: 20.80 MB
Current GC threshold: 20.80 MB
CDS: off

CodeHeap 'non-profiled nmethods': size=119168Kb used=196Kb max_used=196Kb free=118971Kb
 bounds [0x000001e84b280000, 0x000001e84b4f0000, 0x000001e8526e0000]
CodeHeap 'profiled nmethods': size=119168Kb used=1265Kb max_used=1265Kb free=117903Kb
 bounds [0x000001e843e20000, 0x000001e844090000, 0x000001e84b280000]
CodeHeap 'non-nmethods': size=7424Kb used=2232Kb max_used=2248Kb free=5191Kb
 bounds [0x000001e8436e0000, 0x000001e843950000, 0x000001e843e20000]
 total_blobs=1043 nmethods=687 adapters=267
 compilation: enabled
              stopped_count=0, restarted_count=0
 full_count=0

Compilation events (20 events):
Event: 0.479 Thread 0x000001e856e79000 nmethod 668 0x000001e843f45710 code [0x000001e843f45900, 0x000001e843f45c88]
Event: 0.479 Thread 0x000001e856a59000 nmethod 669 0x000001e843f45e10 code [0x000001e843f45fc0, 0x000001e843f460e8]
Event: 0.479 Thread 0x000001e856e78800 nmethod 671 0x000001e843f46190 code [0x000001e843f46360, 0x000001e843f46628]
Event: 0.479 Thread 0x000001e856e79000  672       1       sun.nio.fs.NativeBuffer::owner (5 bytes)
Event: 0.479 Thread 0x000001e856e79000 nmethod 672 0x000001e84b2b1010 code [0x000001e84b2b11c0, 0x000001e84b2b1278]
Event: 0.483 Thread 0x000001e856a59000  673       3       java.util.Arrays::fill (21 bytes)
Event: 0.483 Thread 0x000001e856a59000 nmethod 673 0x000001e843f46710 code [0x000001e843f468c0, 0x000001e843f46a58]
Event: 0.483 Thread 0x000001e856e78800  674       3       sun.net.util.URLUtil::urlNoFragString (114 bytes)
Event: 0.485 Thread 0x000001e856e78800 nmethod 674 0x000001e843f46b90 code [0x000001e843f46ee0, 0x000001e843f48148]
Event: 0.486 Thread 0x000001e856131000  675       4       java.lang.String::toLowerCase (29 bytes)
Event: 0.488 Thread 0x000001e856e79000  678       3       java.util.zip.ZipFile$Source::initCEN (697 bytes)
Event: 0.492 Thread 0x000001e856e79000 nmethod 678 0x000001e843f48790 code [0x000001e843f48e00, 0x000001e843f4c968]
Event: 0.493 Thread 0x000001e856a59000  680       3       java.util.jar.JarFile$1::apply (9 bytes)
Event: 0.493 Thread 0x000001e856e78800  681       3       java.util.jar.JarFile$1::apply (13 bytes)
Event: 0.493 Thread 0x000001e856e79000  682       3       java.util.jar.JarFile$JarFileEntry::<init> (16 bytes)
Event: 0.494 Thread 0x000001e856e79000 nmethod 682 0x000001e843f4e390 code [0x000001e843f4e560, 0x000001e843f4e7c8]
Event: 0.494 Thread 0x000001e856e78800 nmethod 681 0x000001e843f4e890 code [0x000001e843f4ea60, 0x000001e843f4ed88]
Event: 0.494 Thread 0x000001e856a59000 nmethod 680 0x000001e843f4ef10 code [0x000001e843f4f100, 0x000001e843f4f588]
Event: 0.494 Thread 0x000001e856e78800  683       3       java.util.jar.JarEntry::<init> (6 bytes)
Event: 0.494 Thread 0x000001e856e78800 nmethod 683 0x000001e843f4f710 code [0x000001e843f4f8c0, 0x000001e843f4f9e8]

GC Heap History (0 events):
No events

Deoptimization events (20 events):
Event: 0.438 Thread 0x000001e83af6f800 DEOPT PACKING pc=0x000001e84b2a8280 sp=0x0000001c89af9a50
Event: 0.438 Thread 0x000001e83af6f800 DEOPT UNPACKING pc=0x000001e84372a1af sp=0x0000001c89af99e0 mode 2
Event: 0.439 Thread 0x000001e83af6f800 Uncommon trap: trap_request=0xffffffde fr.pc=0x000001e84b2a8280 relative=0x0000000000000f60
Event: 0.439 Thread 0x000001e83af6f800 Uncommon trap: reason=class_check action=maybe_recompile pc=0x000001e84b2a8280 method=java.util.HashMap.putVal(ILjava/lang/Object;Ljava/lang/Object;ZZ)Ljava/lang/Object; @ 203 c2
Event: 0.439 Thread 0x000001e83af6f800 DEOPT PACKING pc=0x000001e84b2a8280 sp=0x0000001c89af9a50
Event: 0.439 Thread 0x000001e83af6f800 DEOPT UNPACKING pc=0x000001e84372a1af sp=0x0000001c89af99e0 mode 2
Event: 0.454 Thread 0x000001e83af6f800 DEOPT PACKING pc=0x000001e843e82868 sp=0x0000001c89af5a30
Event: 0.454 Thread 0x000001e83af6f800 DEOPT UNPACKING pc=0x000001e84372a95e sp=0x0000001c89af4f00 mode 0
Event: 0.458 Thread 0x000001e83af6f800 DEOPT PACKING pc=0x000001e843eb1f22 sp=0x0000001c89af8920
Event: 0.458 Thread 0x000001e83af6f800 DEOPT UNPACKING pc=0x000001e84372a95e sp=0x0000001c89af7d88 mode 0
Event: 0.469 Thread 0x000001e83af6f800 Uncommon trap: trap_request=0xffffffde fr.pc=0x000001e84b2a81e0 relative=0x0000000000000ec0
Event: 0.469 Thread 0x000001e83af6f800 Uncommon trap: reason=class_check action=maybe_recompile pc=0x000001e84b2a81e0 method=java.util.HashMap.putVal(ILjava/lang/Object;Ljava/lang/Object;ZZ)Ljava/lang/Object; @ 91 c2
Event: 0.469 Thread 0x000001e83af6f800 DEOPT PACKING pc=0x000001e84b2a81e0 sp=0x0000001c89afa740
Event: 0.469 Thread 0x000001e83af6f800 DEOPT UNPACKING pc=0x000001e84372a1af sp=0x0000001c89afa6d0 mode 2
Event: 0.487 Thread 0x000001e83af6f800 DEOPT PACKING pc=0x000001e843e84fd0 sp=0x0000001c89af6dc0
Event: 0.487 Thread 0x000001e83af6f800 DEOPT UNPACKING pc=0x000001e84372a95e sp=0x0000001c89af6260 mode 0
Event: 0.487 Thread 0x000001e83af6f800 Uncommon trap: trap_request=0xffffffde fr.pc=0x000001e84b2a81e0 relative=0x0000000000000ec0
Event: 0.487 Thread 0x000001e83af6f800 Uncommon trap: reason=class_check action=maybe_recompile pc=0x000001e84b2a81e0 method=java.util.HashMap.putVal(ILjava/lang/Object;Ljava/lang/Object;ZZ)Ljava/lang/Object; @ 91 c2
Event: 0.487 Thread 0x000001e83af6f800 DEOPT PACKING pc=0x000001e84b2a81e0 sp=0x0000001c89afa740
Event: 0.487 Thread 0x000001e83af6f800 DEOPT UNPACKING pc=0x000001e84372a1af sp=0x0000001c89afa6d0 mode 2

Classes redefined (0 events):
No events

Internal exceptions (3 events):
Event: 0.177 Thread 0x000001e83af6f800 Exception <a 'java/lang/NoSuchMethodError'{0x00000000ffc5e2a8}: 'int java.lang.invoke.DirectMethodHandle$Holder.invokeStaticInit(java.lang.Object, java.lang.Object)'> (0x00000000ffc5e2a8) thrown at [./src/hotspot/share/interpreter/linkResolver.cpp, line 773]
Event: 0.214 Thread 0x000001e83af6f800 Exception <a 'java/lang/NoSuchMethodError'{0x00000000ffb31a50}: 'int java.lang.invoke.DirectMethodHandle$Holder.invokeSpecial(java.lang.Object, java.lang.Object, java.lang.Object, java.lang.Object)'> (0x00000000ffb31a50) thrown at [./src/hotspot/share/interpreter/linkResolver.cpp, line 773]
Event: 0.219 Thread 0x000001e83af6f800 Exception <a 'java/lang/NoSuchMethodError'{0x00000000ffb6a1e8}: 'int java.lang.invoke.DirectMethodHandle$Holder.invokeSpecialIFC(java.lang.Object, java.lang.Object, int)'> (0x00000000ffb6a1e8) thrown at [./src/hotspot/share/interpreter/linkResolver.cpp, line 773]

Events (20 events):
Event: 0.460 loading class java/util/concurrent/LinkedBlockingQueue$Node done
Event: 0.460 loading class org/slf4j/helpers/NOPLoggerFactory
Event: 0.460 loading class org/slf4j/helpers/NOPLoggerFactory done
Event: 0.461 loading class org/slf4j/helpers/Util
Event: 0.461 loading class org/slf4j/helpers/Util done
Event: 0.461 loading class java/lang/SecurityException
Event: 0.461 loading class java/lang/SecurityException done
Event: 0.462 loading class java/util/Collections$EmptyEnumeration
Event: 0.462 loading class java/util/Collections$EmptyEnumeration done
Event: 0.462 loading class jdk/internal/loader/BuiltinClassLoader$1
Event: 0.462 loading class jdk/internal/loader/BuiltinClassLoader$1 done
Event: 0.462 loading class java/lang/CompoundEnumeration
Event: 0.462 loading class java/lang/CompoundEnumeration done
Event: 0.462 loading class jdk/internal/loader/URLClassPath$1
Event: 0.462 loading class jdk/internal/loader/URLClassPath$1 done
Event: 0.462 loading class java/net/URLClassLoader$3
Event: 0.462 loading class java/net/URLClassLoader$3 done
Event: 0.462 loading class java/net/URLClassLoader$3$1
Event: 0.462 loading class java/net/URLClassLoader$3$1 done
Event: 0.474 Loaded shared library C:\Program Files\Microsoft\jdk-11.0.18.10-hotspot\bin\zip.dll


Dynamic libraries:
0x00007ff72e740000 - 0x00007ff72e74d000 	C:\Program Files\Microsoft\jdk-11.0.18.10-hotspot\bin\java.exe
0x00007ffada430000 - 0x00007ffada644000 	C:\WINDOWS\SYSTEM32\ntdll.dll
0x00007ffad9c30000 - 0x00007ffad9cf2000 	C:\WINDOWS\System32\KERNEL32.DLL
0x00007ffad78a0000 - 0x00007ffad7c43000 	C:\WINDOWS\System32\KERNELBASE.dll
0x00007ffad80f0000 - 0x00007ffad8201000 	C:\WINDOWS\System32\ucrtbase.dll
0x00007ffaac020000 - 0x00007ffaac037000 	C:\Program Files\Microsoft\jdk-11.0.18.10-hotspot\bin\jli.dll
0x00007ffad92a0000 - 0x00007ffad944b000 	C:\WINDOWS\System32\USER32.dll
0x00007ffad8000000 - 0x00007ffad8026000 	C:\WINDOWS\System32\win32u.dll
0x00007ffad9600000 - 0x00007ffad9629000 	C:\WINDOWS\System32\GDI32.dll
0x00007ffad7e40000 - 0x00007ffad7f59000 	C:\WINDOWS\System32\gdi32full.dll
0x00007ffa9f190000 - 0x00007ffa9f1a5000 	C:\Program Files\Microsoft\jdk-11.0.18.10-hotspot\bin\VCRUNTIME140.dll
0x00007ffad7f60000 - 0x00007ffad7ffa000 	C:\WINDOWS\System32\msvcp_win.dll
0x00007ffad0120000 - 0x00007ffad03ae000 	C:\WINDOWS\WinSxS\amd64_microsoft.windows.common-controls_6595b64144ccf1df_6.0.22621.1635_none_270f70857386168e\COMCTL32.dll
0x00007ffada1e0000 - 0x00007ffada287000 	C:\WINDOWS\System32\msvcrt.dll
0x00007ffad84d0000 - 0x00007ffad8501000 	C:\WINDOWS\System32\IMM32.DLL
0x00007ffa7dd30000 - 0x00007ffa7ddcb000 	C:\Program Files\Microsoft\jdk-11.0.18.10-hotspot\bin\msvcp140.dll
0x00007ffa7c030000 - 0x00007ffa7cbc2000 	C:\Program Files\Microsoft\jdk-11.0.18.10-hotspot\bin\server\jvm.dll
0x00007ffada110000 - 0x00007ffada1be000 	C:\WINDOWS\System32\ADVAPI32.dll
0x00007ffada340000 - 0x00007ffada3e4000 	C:\WINDOWS\System32\sechost.dll
0x00007ffad8d90000 - 0x00007ffad8ea7000 	C:\WINDOWS\System32\RPCRT4.dll
0x00007ffad8520000 - 0x00007ffad8528000 	C:\WINDOWS\System32\PSAPI.DLL
0x00007fface390000 - 0x00007fface3c4000 	C:\WINDOWS\SYSTEM32\WINMM.dll
0x00007ffacfac0000 - 0x00007ffacfaca000 	C:\WINDOWS\SYSTEM32\VERSION.dll
0x00007ffac5210000 - 0x00007ffac5219000 	C:\WINDOWS\SYSTEM32\WSOCK32.dll
0x00007ffad83e0000 - 0x00007ffad8451000 	C:\WINDOWS\System32\WS2_32.dll
0x00007ffad6880000 - 0x00007ffad6898000 	C:\WINDOWS\SYSTEM32\kernel.appcore.dll
0x00007ffaac440000 - 0x00007ffaac450000 	C:\Program Files\Microsoft\jdk-11.0.18.10-hotspot\bin\verify.dll
0x00007ffad4e10000 - 0x00007ffad503e000 	C:\WINDOWS\SYSTEM32\DBGHELP.DLL
0x00007ffad9d60000 - 0x00007ffada0e9000 	C:\WINDOWS\System32\combase.dll
0x00007ffad9b50000 - 0x00007ffad9c27000 	C:\WINDOWS\System32\OLEAUT32.dll
0x00007ffacc1c0000 - 0x00007ffacc1f2000 	C:\WINDOWS\SYSTEM32\dbgcore.DLL
0x00007ffad7c50000 - 0x00007ffad7ccb000 	C:\WINDOWS\System32\bcryptPrimitives.dll
0x00007ffa7ec40000 - 0x00007ffa7ec68000 	C:\Program Files\Microsoft\jdk-11.0.18.10-hotspot\bin\java.dll
0x00007ffa964a0000 - 0x00007ffa964aa000 	C:\Program Files\Microsoft\jdk-11.0.18.10-hotspot\bin\jimage.dll
0x00007ffa7ec20000 - 0x00007ffa7ec38000 	C:\Program Files\Microsoft\jdk-11.0.18.10-hotspot\bin\zip.dll
0x00007ffad8590000 - 0x00007ffad8d8a000 	C:\WINDOWS\System32\SHELL32.dll
0x00007ffad5830000 - 0x00007ffad60fe000 	C:\WINDOWS\SYSTEM32\windows.storage.dll
0x00007ffad56f0000 - 0x00007ffad582e000 	C:\WINDOWS\SYSTEM32\wintypes.dll
0x00007ffad91a0000 - 0x00007ffad9291000 	C:\WINDOWS\System32\SHCORE.dll
0x00007ffad9d00000 - 0x00007ffad9d5e000 	C:\WINDOWS\System32\shlwapi.dll
0x00007ffad7760000 - 0x00007ffad7781000 	C:\WINDOWS\SYSTEM32\profapi.dll
0x00007ffa7d790000 - 0x00007ffa7d7a9000 	C:\Program Files\Microsoft\jdk-11.0.18.10-hotspot\bin\net.dll
0x00007ffad2120000 - 0x00007ffad2257000 	C:\WINDOWS\SYSTEM32\WINHTTP.dll
0x00007ffad6cf0000 - 0x00007ffad6d59000 	C:\WINDOWS\system32\mswsock.dll
0x00007ffa7d770000 - 0x00007ffa7d783000 	C:\Program Files\Microsoft\jdk-11.0.18.10-hotspot\bin\nio.dll

dbghelp: loaded successfully - version: 4.0.5 - missing functions: none
symbol engine: initialized successfully - sym options: 0x614 - pdb path: (cannot be retrieved)

VM Arguments:
jvm_args: -Xmx64m -Xms64m -Dorg.gradle.appname=gradlew 
java_command: org.gradle.wrapper.GradleWrapperMain app:installDebug -PreactNativeDevServerPort=8081
java_class_path (initial): D:\React-native\Coffee_Taste\android\\gradle\wrapper\gradle-wrapper.jar
Launcher Type: SUN_STANDARD

[Global flags]
     intx CICompilerCount                          = 12                                        {product} {ergonomic}
     uint ConcGCThreads                            = 3                                         {product} {ergonomic}
     uint G1ConcRefinementThreads                  = 13                                        {product} {ergonomic}
   size_t G1HeapRegionSize                         = 1048576                                   {product} {ergonomic}
    uintx GCDrainStackTargetSize                   = 64                                        {product} {ergonomic}
   size_t InitialHeapSize                          = 67108864                                  {product} {command line}
   size_t MarkStackSize                            = 4194304                                   {product} {ergonomic}
   size_t MaxHeapSize                              = 67108864                                  {product} {command line}
   size_t MaxNewSize                               = 39845888                                  {product} {ergonomic}
   size_t MinHeapDeltaBytes                        = 1048576                                   {product} {ergonomic}
    uintx NonNMethodCodeHeapSize                   = 7594288                                {pd product} {ergonomic}
    uintx NonProfiledCodeHeapSize                  = 122031976                              {pd product} {ergonomic}
    uintx ProfiledCodeHeapSize                     = 122031976                              {pd product} {ergonomic}
    uintx ReservedCodeCacheSize                    = 251658240                              {pd product} {ergonomic}
     bool SegmentedCodeCache                       = true                                      {product} {ergonomic}
     bool UseCompressedClassPointers               = true                                 {lp64_product} {ergonomic}
     bool UseCompressedOops                        = true                                 {lp64_product} {ergonomic}
     bool UseG1GC                                  = true                                      {product} {ergonomic}
     bool UseLargePagesIndividualAllocation        = false                                  {pd product} {ergonomic}

Logging:
Log output configuration:
 #0: stdout all=warning uptime,level,tags
 #1: stderr all=off uptime,level,tags

Environment Variables:
JAVA_HOME=C:\Program Files\Microsoft\jdk-11.0.18.10-hotspot\
CLASSPATH=D:\React-native\Coffee_Taste\android\\gradle\wrapper\gradle-wrapper.jar
PATH=D:\React-native\Coffee_Taste\android\node_modules\.bin;D:\React-native\Coffee_Taste\node_modules\.bin;D:\React-native\node_modules\.bin;D:\node_modules\.bin;C:\Program Files\nodejs;D:\React-native\Coffee_Taste\node_modules\.bin;D:\React-native\Coffee_Taste\node_modules\.bin;D:\React-native\node_modules\.bin;D:\node_modules\.bin;C:\Program Files\nodejs\node_modules\npm\node_modules\@npmcli\run-script\lib\node-gyp-bin;D:\React-native\Coffee_Taste\node_modules\.bin;D:\React-native\node_modules\.bin;D:\node_modules\.bin;C:\Program Files\nodejs;D:\React-native\Coffee_Taste\node_modules\.bin;D:\React-native\node_modules\.bin;D:\node_modules\.bin;C:\Program Files\nodejs\node_modules\npm\node_modules\@npmcli\run-script\lib\node-gyp-bin;C:\Program Files\Microsoft\jdk-11.0.18.10-hotspot\bin;C:\Program Files\Microsoft\jdk-11.0.12.7-hotspot\bin;C:\Program Files (x86)\Common Files\Intel\Shared Libraries\redist\intel64\compiler;C:\WINDOWS\system32;C:\WINDOWS;C:\WINDOWS\System32\Wbem;C:\WINDOWS\System32\WindowsPowerShell\v1.0\;C:\WINDOWS\System32\OpenSSH\;C:\Program Files\Microsoft SQL Server\130\Tools\Binn\;"C:\Program Files\Git\cmd;C:\src\flutter_windows_2.10.4-stable\bin";C:\Program Files (x86)\NVIDIA Corporation\PhysX\Common;C:\Program Files\NVIDIA Corporation\NVIDIA NvDLISR;C:\Program Files\dotnet\;C:\WINDOWS\system32;C:\WINDOWS;C:\WINDOWS\System32\Wbem;C:\WINDOWS\System32\WindowsPowerShell\v1.0\;C:\WINDOWS\System32\OpenSSH\;C:\Program Files\Git\cmd;C:\ProgramData\chocolatey\bin;C:\Program Files\nodejs\;C:\Program Files\GitHub CLI\;C:\Users\User\AppData\Local\Programs\Python\Python310\Scripts\;C:\Users\User\AppData\Local\Programs\Python\Python310\;C:\Users\User\AppData\Local\Microsoft\WindowsApps;"C:\Users\User\AppData\Local\Programs\Microsoft VS Code\bin;C:\src\flutter_windows_2.10.4-stable\bin";C:\Users\User\AppData\Local\Programs\Microsoft VS Code\bin;C:\Users\User\AppData\Local\GitHubDesktop\bin;C:\Users\User\AppData\Local\JetBrains\Toolbox\scripts;C:\Users\User\AppData
USERNAME=User
LANG=en_US.UTF-8
OS=Windows_NT
PROCESSOR_IDENTIFIER=AMD64 Family 25 Model 80 Stepping 0, AuthenticAMD
TMP=C:\Users\User\AppData\Local\Temp
TEMP=C:\Users\User\AppData\Local\Temp



---------------  S Y S T E M  ---------------

OS: Windows 11 , 64 bit Build 22621 (10.0.22621.1778)
OS uptime: 0 days 4:15 hours

CPU:total 16 (initial active 16) (16 cores per cpu, 2 threads per core) family 25 model 80 stepping 0 microcode 0x0, cmov, cx8, fxsr, mmx, sse, sse2, sse3, ssse3, sse4.1, sse4.2, popcnt, avx, avx2, aes, clmul, erms, mmxext, 3dnowpref, lzcnt, sse4a, ht, tsc, tscinvbit, tscinv, bmi1, bmi2, adx, sha, fma

Memory: 4k page, system-wide physical 15774M (2554M free)
TotalPageFile size 23966M (AvailPageFile size 0M)
current process WorkingSet (physical memory assigned to process): 60M, peak: 60M
current process commit charge ("private bytes"): 158M, peak: 158M

vm_info: OpenJDK 64-Bit Server VM (11.0.18+10-LTS) for windows-amd64 JRE (11.0.18+10-LTS), built on Jan 18 2023 15:56:47 by "MicrosoftCorporation" with MS VC++ 15.9 (VS2017)

END.
